<?xml version="1.0" encoding="UTF-8"?>
<testng-results skipped="0" failed="0" total="1" passed="1">
  <reporter-output>
  </reporter-output>
  <suite name="Default suite" duration-ms="5890" started-at="2022-04-12T09:48:52Z" finished-at="2022-04-12T09:48:58Z">
    <groups>
    </groups>
    <test name="Default test" duration-ms="5890" started-at="2022-04-12T09:48:52Z" finished-at="2022-04-12T09:48:58Z">
      <class name="pomcasestudy2.verifyEasy">
        <test-method status="PASS" signature="TestUser()[pri:0, instance:pomcasestudy2.verifyEasy@7a92922]" name="TestUser" duration-ms="5879" started-at="2022-04-12T15:18:52Z" finished-at="2022-04-12T15:18:58Z">
          <reporter-output>
          </reporter-output>
        </test-method> <!-- TestUser -->
      </class> <!-- pomcasestudy2.verifyEasy -->
    </test> <!-- Default test -->
  </suite> <!-- Default suite -->
</testng-results>
