<?xml version="1.0" encoding="UTF-8"?>
<testng-results skipped="0" failed="0" total="1" passed="1">
  <reporter-output>
  </reporter-output>
  <suite name="Default suite" duration-ms="8173" started-at="2022-04-11T07:13:42Z" finished-at="2022-04-11T07:13:50Z">
    <groups>
    </groups>
    <test name="Default test" duration-ms="8173" started-at="2022-04-11T07:13:42Z" finished-at="2022-04-11T07:13:50Z">
      <class name="Xpathedge">
        <test-method status="PASS" signature="IdDemo()[pri:0, instance:Xpathedge@2cfb4a64]" name="IdDemo" duration-ms="8155" started-at="2022-04-11T12:43:42Z" finished-at="2022-04-11T12:43:50Z">
          <reporter-output>
          </reporter-output>
        </test-method> <!-- IdDemo -->
      </class> <!-- Xpathedge -->
    </test> <!-- Default test -->
  </suite> <!-- Default suite -->
</testng-results>
