<?xml version="1.0" encoding="UTF-8"?>
<testng-results skipped="0" failed="0" total="1" passed="1">
  <reporter-output>
  </reporter-output>
  <suite name="Default suite" duration-ms="6498" started-at="2022-04-11T08:58:57Z" finished-at="2022-04-11T08:59:03Z">
    <groups>
    </groups>
    <test name="Default test" duration-ms="6498" started-at="2022-04-11T08:58:57Z" finished-at="2022-04-11T08:59:03Z">
      <class name="locators.LinksOpencart">
        <test-method status="PASS" signature="IdDemo()[pri:0, instance:locators.LinksOpencart@5f150435]" name="IdDemo" duration-ms="6463" started-at="2022-04-11T14:28:57Z" finished-at="2022-04-11T14:29:03Z">
          <reporter-output>
          </reporter-output>
        </test-method> <!-- IdDemo -->
      </class> <!-- locators.LinksOpencart -->
    </test> <!-- Default test -->
  </suite> <!-- Default suite -->
</testng-results>
