<?xml version="1.0" encoding="UTF-8"?>
<testng-results skipped="0" failed="0" total="1" passed="1">
  <reporter-output>
  </reporter-output>
  <suite name="Default suite" duration-ms="20013" started-at="2022-04-11T05:29:25Z" finished-at="2022-04-11T05:29:45Z">
    <groups>
    </groups>
    <test name="Default test" duration-ms="20013" started-at="2022-04-11T05:29:25Z" finished-at="2022-04-11T05:29:45Z">
      <class name="Locate.LocatorsFirefox">
        <test-method status="PASS" signature="IdDemo()[pri:0, instance:Locate.LocatorsFirefox@5f150435]" name="IdDemo" duration-ms="19992" started-at="2022-04-11T10:59:25Z" finished-at="2022-04-11T10:59:45Z">
          <reporter-output>
          </reporter-output>
        </test-method> <!-- IdDemo -->
      </class> <!-- Locate.LocatorsFirefox -->
    </test> <!-- Default test -->
  </suite> <!-- Default suite -->
</testng-results>
