<?xml version="1.0" encoding="UTF-8"?>
<testng-results skipped="0" failed="0" total="1" passed="1">
  <reporter-output>
  </reporter-output>
  <suite name="Default suite" duration-ms="22188" started-at="2022-04-12T09:56:50Z" finished-at="2022-04-12T09:57:13Z">
    <groups>
    </groups>
    <test name="Default test" duration-ms="22188" started-at="2022-04-12T09:56:50Z" finished-at="2022-04-12T09:57:13Z">
      <class name="pomcasestudy3.verifysalesforceLoginPage">
        <test-method status="PASS" signature="TestUser()[pri:0, instance:pomcasestudy3.verifysalesforceLoginPage@71e7a66b]" name="TestUser" duration-ms="22172" started-at="2022-04-12T15:26:50Z" finished-at="2022-04-12T15:27:13Z">
          <reporter-output>
          </reporter-output>
        </test-method> <!-- TestUser -->
      </class> <!-- pomcasestudy3.verifysalesforceLoginPage -->
    </test> <!-- Default test -->
  </suite> <!-- Default suite -->
</testng-results>
