<?xml version="1.0" encoding="UTF-8"?>
<testng-results skipped="0" failed="0" total="1" passed="1">
  <reporter-output>
  </reporter-output>
  <suite name="Default suite" duration-ms="3120" started-at="2022-04-11T11:43:11Z" finished-at="2022-04-11T11:43:15Z">
    <groups>
    </groups>
    <test name="Default test" duration-ms="3120" started-at="2022-04-11T11:43:11Z" finished-at="2022-04-11T11:43:15Z">
      <class name="RadioButtons.CountRadioButtons">
        <test-method status="PASS" signature="IdDemo()[pri:0, instance:RadioButtons.CountRadioButtons@5f150435]" name="IdDemo" duration-ms="3092" started-at="2022-04-11T17:13:11Z" finished-at="2022-04-11T17:13:15Z">
          <reporter-output>
          </reporter-output>
        </test-method> <!-- IdDemo -->
      </class> <!-- RadioButtons.CountRadioButtons -->
    </test> <!-- Default test -->
  </suite> <!-- Default suite -->
</testng-results>
